<?xml version="1.0" encoding="utf-8"?><testsuites name="pytest tests"><testsuite name="pytest" errors="0" failures="0" skipped="0" tests="42" time="7.430" timestamp="2026-01-28T23:31:14.748707+00:00" hostname="agent-env-5258bf49-4f01-47e8-96eb-3f3a9137c099"><testcase classname="backend.tests.test_auth_and_api.TestHealthCheck" name="test_health_endpoint" time="0.142" /><testcase classname="backend.tests.test_auth_and_api.TestAuthRegistration" name="test_register_new_master" time="0.072" /><testcase classname="backend.tests.test_auth_and_api.TestAuthRegistration" name="test_register_duplicate_email" time="0.075" /><testcase classname="backend.tests.test_auth_and_api.TestAuthRegistration" name="test_register_duplicate_slug" time="0.076" /><testcase classname="backend.tests.test_auth_and_api.TestAuthLogin" name="test_login_success" time="0.072" /><testcase classname="backend.tests.test_auth_and_api.TestAuthLogin" name="test_login_invalid_email" time="0.066" /><testcase classname="backend.tests.test_auth_and_api.TestAuthLogin" name="test_login_invalid_password" time="0.078" /><testcase classname="backend.tests.test_auth_and_api.TestAuthMe" name="test_get_current_user_authenticated" time="0.068" /><testcase classname="backend.tests.test_auth_and_api.TestAuthMe" name="test_get_current_user_no_token" time="0.069" /><testcase classname="backend.tests.test_auth_and_api.TestAuthMe" name="test_get_current_user_invalid_token" time="0.062" /><testcase classname="backend.tests.test_auth_and_api.TestServicesAPI" name="test_create_service" time="0.069" /><testcase classname="backend.tests.test_auth_and_api.TestServicesAPI" name="test_get_services_by_master" time="0.076" /><testcase classname="backend.tests.test_auth_and_api.TestServicesAPI" name="test_update_service" time="0.076" /><testcase classname="backend.tests.test_auth_and_api.TestServicesAPI" name="test_delete_service" time="0.066" /><testcase classname="backend.tests.test_auth_and_api.TestAnalyticsAPI" name="test_get_master_analytics" time="0.074" /><testcase classname="backend.tests.test_auth_and_api.TestWalletAPI" name="test_get_master_wallet" time="0.072" /><testcase classname="backend.tests.test_auth_and_api.TestClientsAPI" name="test_get_master_clients" time="0.070" /><testcase classname="backend.tests.test_auth_and_api.TestBookingsAPI" name="test_get_master_bookings" time="0.064" /><testcase classname="backend.tests.test_auth_and_api.TestCalendarBlocksAPI" name="test_create_calendar_block" time="0.071" /><testcase classname="backend.tests.test_auth_and_api.TestCalendarBlocksAPI" name="test_get_calendar_blocks" time="0.064" /><testcase classname="backend.tests.test_auth_and_api.TestCalendarBlocksAPI" name="test_delete_calendar_block" time="0.068" /><testcase classname="backend.tests.test_auth_and_api.TestMasterUpdateAPI" name="test_update_master_profile" time="0.069" /><testcase classname="backend.tests.test_booking_flow.TestHealthAndSetup" name="test_health_endpoint" time="0.064" /><testcase classname="backend.tests.test_booking_flow.TestMasterRegistrationAndLogin" name="test_master_registration" time="0.072" /><testcase classname="backend.tests.test_booking_flow.TestMasterRegistrationAndLogin" name="test_master_login" time="0.065" /><testcase classname="backend.tests.test_booking_flow.TestMasterRegistrationAndLogin" name="test_get_master_by_slug" time="0.066" /><testcase classname="backend.tests.test_booking_flow.TestServicesCRUD" name="test_create_service" time="0.195" /><testcase classname="backend.tests.test_booking_flow.TestServicesCRUD" name="test_get_master_services" time="0.064" /><testcase classname="backend.tests.test_booking_flow.TestBookingFlow" name="test_create_booking_without_payment" time="0.887" /><testcase classname="backend.tests.test_booking_flow.TestBookingFlow" name="test_get_booking_by_id" time="0.714" /><testcase classname="backend.tests.test_booking_flow.TestBookingFlow" name="test_get_master_bookings" time="0.065" /><testcase classname="backend.tests.test_booking_flow.TestBookingFlow" name="test_complete_booking" time="0.866" /><testcase classname="backend.tests.test_booking_flow.TestBookingFlow" name="test_no_show_booking" time="1.019" /><testcase classname="backend.tests.test_booking_flow.TestClientPortal" name="test_get_client_by_email" time="0.830" /><testcase classname="backend.tests.test_booking_flow.TestClientPortal" name="test_get_client_bookings_by_email" time="0.068" /><testcase classname="backend.tests.test_booking_flow.TestClientPortal" name="test_cancel_booking" time="0.065" /><testcase classname="backend.tests.test_booking_flow.TestWalletAndAnalytics" name="test_get_master_wallet" time="0.131" /><testcase classname="backend.tests.test_booking_flow.TestWalletAndAnalytics" name="test_get_master_analytics" time="0.063" /><testcase classname="backend.tests.test_booking_flow.TestWalletAndAnalytics" name="test_get_master_clients" time="0.068" /><testcase classname="backend.tests.test_booking_flow.TestGoogleCalendarEndpoints" name="test_get_google_auth_url" time="0.127" /><testcase classname="backend.tests.test_booking_flow.TestGoogleCalendarEndpoints" name="test_get_google_sync_status" time="0.069" /><testcase classname="backend.tests.test_booking_flow.TestSettingsEndpoints" name="test_update_master_profile" time="0.134" /></testsuite></testsuites>