<?xml version="1.0" encoding="utf-8"?><testsuites name="pytest tests"><testsuite name="pytest" errors="0" failures="0" skipped="0" tests="20" time="5.951" timestamp="2026-01-28T23:22:44.717085+00:00" hostname="agent-env-5258bf49-4f01-47e8-96eb-3f3a9137c099"><testcase classname="backend.tests.test_booking_flow.TestHealthAndSetup" name="test_health_endpoint" time="0.106" /><testcase classname="backend.tests.test_booking_flow.TestMasterRegistrationAndLogin" name="test_master_registration" time="0.097" /><testcase classname="backend.tests.test_booking_flow.TestMasterRegistrationAndLogin" name="test_master_login" time="0.080" /><testcase classname="backend.tests.test_booking_flow.TestMasterRegistrationAndLogin" name="test_get_master_by_slug" time="0.071" /><testcase classname="backend.tests.test_booking_flow.TestServicesCRUD" name="test_create_service" time="0.217" /><testcase classname="backend.tests.test_booking_flow.TestServicesCRUD" name="test_get_master_services" time="0.071" /><testcase classname="backend.tests.test_booking_flow.TestBookingFlow" name="test_create_booking_without_payment" time="1.121" /><testcase classname="backend.tests.test_booking_flow.TestBookingFlow" name="test_get_booking_by_id" time="0.664" /><testcase classname="backend.tests.test_booking_flow.TestBookingFlow" name="test_get_master_bookings" time="0.066" /><testcase classname="backend.tests.test_booking_flow.TestBookingFlow" name="test_complete_booking" time="0.606" /><testcase classname="backend.tests.test_booking_flow.TestBookingFlow" name="test_no_show_booking" time="0.914" /><testcase classname="backend.tests.test_booking_flow.TestClientPortal" name="test_get_client_by_email" time="0.930" /><testcase classname="backend.tests.test_booking_flow.TestClientPortal" name="test_get_client_bookings_by_email" time="0.068" /><testcase classname="backend.tests.test_booking_flow.TestClientPortal" name="test_cancel_booking" time="0.089" /><testcase classname="backend.tests.test_booking_flow.TestWalletAndAnalytics" name="test_get_master_wallet" time="0.132" /><testcase classname="backend.tests.test_booking_flow.TestWalletAndAnalytics" name="test_get_master_analytics" time="0.069" /><testcase classname="backend.tests.test_booking_flow.TestWalletAndAnalytics" name="test_get_master_clients" time="0.068" /><testcase classname="backend.tests.test_booking_flow.TestGoogleCalendarEndpoints" name="test_get_google_auth_url" time="0.133" /><testcase classname="backend.tests.test_booking_flow.TestGoogleCalendarEndpoints" name="test_get_google_sync_status" time="0.065" /><testcase classname="backend.tests.test_booking_flow.TestSettingsEndpoints" name="test_update_master_profile" time="0.128" /></testsuite></testsuites>