<?xml version="1.0" encoding="utf-8"?><testsuites name="pytest tests"><testsuite name="pytest" errors="0" failures="0" skipped="0" tests="22" time="2.067" timestamp="2026-01-28T22:46:49.981655+00:00" hostname="agent-env-5258bf49-4f01-47e8-96eb-3f3a9137c099"><testcase classname="tests.test_auth_and_api.TestHealthCheck" name="test_health_endpoint" time="0.117" /><testcase classname="tests.test_auth_and_api.TestAuthRegistration" name="test_register_new_master" time="0.088" /><testcase classname="tests.test_auth_and_api.TestAuthRegistration" name="test_register_duplicate_email" time="0.069" /><testcase classname="tests.test_auth_and_api.TestAuthRegistration" name="test_register_duplicate_slug" time="0.075" /><testcase classname="tests.test_auth_and_api.TestAuthLogin" name="test_login_success" time="0.076" /><testcase classname="tests.test_auth_and_api.TestAuthLogin" name="test_login_invalid_email" time="0.066" /><testcase classname="tests.test_auth_and_api.TestAuthLogin" name="test_login_invalid_password" time="0.067" /><testcase classname="tests.test_auth_and_api.TestAuthMe" name="test_get_current_user_authenticated" time="0.071" /><testcase classname="tests.test_auth_and_api.TestAuthMe" name="test_get_current_user_no_token" time="0.085" /><testcase classname="tests.test_auth_and_api.TestAuthMe" name="test_get_current_user_invalid_token" time="0.082" /><testcase classname="tests.test_auth_and_api.TestServicesAPI" name="test_create_service" time="0.084" /><testcase classname="tests.test_auth_and_api.TestServicesAPI" name="test_get_services_by_master" time="0.065" /><testcase classname="tests.test_auth_and_api.TestServicesAPI" name="test_update_service" time="0.076" /><testcase classname="tests.test_auth_and_api.TestServicesAPI" name="test_delete_service" time="0.075" /><testcase classname="tests.test_auth_and_api.TestAnalyticsAPI" name="test_get_master_analytics" time="0.071" /><testcase classname="tests.test_auth_and_api.TestWalletAPI" name="test_get_master_wallet" time="0.073" /><testcase classname="tests.test_auth_and_api.TestClientsAPI" name="test_get_master_clients" time="0.070" /><testcase classname="tests.test_auth_and_api.TestBookingsAPI" name="test_get_master_bookings" time="0.100" /><testcase classname="tests.test_auth_and_api.TestCalendarBlocksAPI" name="test_create_calendar_block" time="0.081" /><testcase classname="tests.test_auth_and_api.TestCalendarBlocksAPI" name="test_get_calendar_blocks" time="0.071" /><testcase classname="tests.test_auth_and_api.TestCalendarBlocksAPI" name="test_delete_calendar_block" time="0.063" /><testcase classname="tests.test_auth_and_api.TestMasterUpdateAPI" name="test_update_master_profile" time="0.074" /></testsuite></testsuites>